# ../00.data/validation_data: data_e pred_e
-2.398827779999999876e+01 -2.398469141579415975e+01
-2.399520142000000078e+01 -2.399524688205409717e+01
-2.396701277000000019e+01 -2.396931184138276905e+01
-2.398598743000000155e+01 -2.398439911426637394e+01
-2.396948615999999888e+01 -2.396927241470732639e+01
-2.399150758000000039e+01 -2.399217544293207993e+01
-2.398377012999999991e+01 -2.398017671641247262e+01
-2.395242246999999836e+01 -2.395195339799136747e+01
-2.399215300999999911e+01 -2.399309349075556241e+01
-2.397307823999999954e+01 -2.397144293591981068e+01
-2.399803679000000045e+01 -2.399347271997225661e+01
-2.394819256999999979e+01 -2.395493857966646800e+01
-2.398800049999999828e+01 -2.398906952892049205e+01
-2.396735475999999920e+01 -2.397404790471402336e+01
-2.398420305999999869e+01 -2.398635779013889646e+01
-2.397887794000000028e+01 -2.398707872013120479e+01
-2.396460785000000016e+01 -2.396634580907889855e+01
-2.395142360999999909e+01 -2.394926120150908488e+01
-2.396826148999999972e+01 -2.396447832527177013e+01
-2.396049427999999892e+01 -2.395574929895961347e+01
-2.399416447999999846e+01 -2.399197574780893660e+01
-2.397491078999999914e+01 -2.397334051999189697e+01
-2.398797383999999866e+01 -2.398957193553627576e+01
-2.396580170000000010e+01 -2.397008927375802045e+01
-2.397120579999999990e+01 -2.396794598596109793e+01
-2.398336506000000057e+01 -2.398597724261701813e+01
-2.400092812000000109e+01 -2.399534379524535765e+01
-2.392316959000000054e+01 -2.392354701790380389e+01
-2.396484751999999929e+01 -2.396272726356758653e+01
-2.399980080999999998e+01 -2.400132511690506831e+01
-2.396874976999999873e+01 -2.397088041496892430e+01
-2.398801568000000017e+01 -2.398976687694161214e+01
-2.395697584999999918e+01 -2.395582010646424820e+01
-2.398008013999999832e+01 -2.398351014739261799e+01
-2.399394062000000005e+01 -2.399497028812352184e+01
-2.399174736000000152e+01 -2.399135979151985154e+01
-2.399072329999999909e+01 -2.398877758583406461e+01
-2.399497012000000140e+01 -2.399384140171312652e+01
-2.398943397000000033e+01 -2.399786505596696529e+01
-2.398247359999999873e+01 -2.398709814213922087e+01
