# ../00.data/validation_data: data_fx data_fy data_fz pred_fx pred_fy pred_fz
2.162179999999999935e-01 -5.660099999999999854e-02 -4.075860000000000039e-01 1.687791292691939171e-01 -9.564386404452836221e-02 -3.441680076720651238e-01
-8.567780000000000395e-01 -2.839300000000000157e-02 1.576269999999999893e-01 -8.192143751638067961e-01 2.054910683714968392e-02 9.273923388279398106e-02
1.205399999999999944e-01 -1.854510000000000047e-01 -1.405170000000000030e-01 8.694510687692144635e-02 -1.632479598464907922e-01 -4.731312339705075892e-02
-2.668610000000000149e-01 8.199599999999999944e-02 5.860499999999999737e-02 -1.700823816022117574e-01 1.126352015850992094e-01 2.071845802878370321e-02
7.877210000000000045e-01 1.880930000000000102e-01 3.321029999999999816e-01 7.335725206199031900e-01 1.257075154687702645e-01 2.780234391575378550e-01
2.308499999999999996e-01 1.005869999999999959e-01 -2.726560000000000095e-01 3.057437388682697488e-02 5.867724267351010631e-02 -2.799222489891862176e-01
-5.752700000000000174e-02 -4.447999999999999871e-02 1.303100000000000092e-01 -1.630470042065912395e-01 -2.195447965377112995e-02 -3.910400359880054910e-02
2.523250000000000215e-01 -1.647200000000000053e-02 -1.125609999999999944e-01 1.732809173064047692e-01 1.857176319719993848e-02 9.452864475969768865e-03
2.931299999999999878e-02 -4.016200000000000325e-02 4.050309999999999744e-01 9.643364572019132164e-02 5.841223177529296373e-02 3.507044146076930824e-01
-4.536549999999999749e-01 -1.185000000000000072e-03 -1.498859999999999915e-01 -1.372419327068316597e-01 -1.137067579922314553e-01 -4.113102649567511315e-02
-5.845800000000000302e-02 -6.490770000000000151e-01 -4.749070000000000236e-01 3.641649800923747737e-03 -5.845744763155676926e-01 -5.716535535071345375e-01
4.747149999999999981e-01 -5.601699999999999735e-02 -9.024400000000000477e-02 5.598457345018958975e-01 -1.013724307784620859e-01 -1.171900579805605913e-01
-7.940300000000000136e-02 3.974380000000000135e-01 2.148269999999999902e-01 7.774547850839952368e-02 4.263616331507192325e-01 1.824785804003293821e-01
-1.667369999999999963e-01 3.076019999999999865e-01 -6.844270000000000076e-01 -1.276767836414775259e-01 3.795799014900433366e-01 -6.737553600877842497e-01
-1.706000000000000016e-01 -3.310000000000000225e-04 1.034191000000000082e+00 -5.135560791697422189e-01 -1.199946275467327211e-01 1.180120391175150329e+00
-1.194049999999999973e-01 -3.614499999999999935e-01 -4.573019999999999863e-01 -2.060253721122704690e-02 -2.877063906343643174e-01 -4.225924805162964981e-01
7.870099999999999318e-02 -1.979130000000000056e-01 -1.957689999999999986e-01 9.790088789171558226e-02 -9.323505638379707416e-02 -1.180281051034261786e-01
2.552889999999999882e-01 3.085209999999999897e-01 2.752950000000000119e-01 1.775653007223671476e-01 3.374713516634401111e-01 1.555576391762201749e-01
3.105450000000000155e-01 -6.465999999999999526e-02 5.780589999999999895e-01 2.414601823986953499e-01 -1.140710091604537346e-01 5.122786884189534096e-01
-5.240129999999999511e-01 3.156769999999999854e-01 -2.007899999999999963e-01 -4.963238338015518725e-01 1.575411045151747236e-01 -1.272157419754513519e-01
-1.259989999999999999e-01 6.987670000000000270e-01 9.901280000000000081e-01 -1.429496779366392079e-01 6.652953311907756628e-01 9.491866348684833143e-01
-6.612109999999999932e-01 1.911470000000000113e-01 1.965220000000000022e-01 -6.892969337427699017e-01 1.608976871339557191e-01 1.371080720151615640e-01
-1.624250000000000138e-01 -9.829899999999999749e-02 -7.940200000000000036e-02 -1.886710884492505680e-01 -1.713281748730456078e-01 -1.078205085146225484e-01
-9.496400000000000674e-02 -1.130769999999999970e-01 1.436020000000000074e-01 -9.393746571990710392e-02 -1.262270762945383873e-01 8.320342054094603812e-02
1.044462000000000002e+00 -6.791639999999999899e-01 -1.251386000000000109e+00 1.114855165848566809e+00 -5.286377671571469428e-01 -1.061677618909968146e+00
2.277000000000000135e-01 -8.333899999999999642e-02 -1.633920000000000095e-01 1.897683052398975168e-01 -1.146521536537046249e-01 -1.575819889431207543e-01
3.739899999999999891e-01 -2.781609999999999916e-01 8.735600000000000309e-02 3.499767942446300184e-01 -1.658961953329904371e-01 3.766520676828680192e-02
2.412100000000000077e-01 -1.065090000000000064e-01 -1.994430000000000092e-01 1.252925366674045304e-01 -5.634890678465939023e-02 -1.743728410910853066e-01
4.333300000000000346e-02 -2.871270000000000211e-01 1.701600000000000057e-01 6.035093870922948051e-02 -2.746614242187537802e-01 1.203119873188267103e-01
-8.858669999999999600e-01 7.571780000000000177e-01 1.064429999999999960e-01 -7.253885748611611506e-01 6.115586799901084891e-01 1.739776359470930067e-01
-2.961710000000000176e-01 5.791239999999999721e-01 3.767840000000000078e-01 -2.331321772478632259e-01 4.883485038675253742e-01 4.384161350490387021e-01
-8.933900000000000174e-01 7.051699999999999635e-02 -2.323979999999999935e-01 -8.774270799620885741e-01 5.422046377291360464e-02 -1.683620497245717218e-01
1.121980000000000061e-01 -9.703100000000000613e-02 -1.992599999999999927e-02 8.025789288684687106e-02 -1.672394667525254341e-01 -1.469033422874924111e-02
1.119809999999999972e-01 2.040399999999999991e-01 -1.636000000000000084e-03 1.213690734575147007e-01 9.196205292551176691e-02 -2.497052510296665639e-03
9.654270000000000351e-01 -7.575769999999999449e-01 -1.231219999999999953e-01 9.089322908655893540e-01 -4.672915538134253532e-01 -2.528666985854206573e-01
-3.477910000000000168e-01 4.833459999999999979e-01 8.259600000000000275e-02 -2.319962169481933623e-01 2.780216445926793623e-01 1.272854665442728628e-01
1.133888999999999925e+00 -1.588229999999999920e-01 -4.357599999999999668e-02 1.232936455470780235e+00 -2.069190400464432644e-01 4.450780412396290395e-03
-3.623720000000000274e-01 -6.204659999999999620e-01 2.411500000000000102e-02 -3.938603204671691782e-01 -7.322023627006069013e-01 4.111364812121078710e-02
-2.943069999999999853e-01 5.866080000000000183e-01 -2.990470000000000073e-01 -2.061398630137438459e-01 3.653590919069459320e-01 -2.640685336836660624e-01
-1.292649999999999910e-01 -2.905869999999999842e-01 2.352150000000000074e-01 -4.009400550416730713e-01 2.957406662474245662e-01 9.121863860578602323e-02
1.359100000000000065e-02 -1.187430000000000013e-01 8.263500000000000012e-02 -9.607158614780349215e-03 1.250578979707143157e-01 -5.695455998961766741e-02
-1.112770000000000009e-01 1.634099999999999997e-01 -9.826000000000000012e-02 -3.015506258314153976e-01 1.062822965610814990e-01 -1.258101379659229413e-02
-4.205409999999999981e-01 -6.202839999999999465e-01 1.333060000000000078e-01 -3.502861587413657052e-01 -5.903067349252612006e-01 -1.916239801538992260e-02
2.025820000000000121e-01 4.266999999999999960e-03 -8.006699999999999928e-02 -6.175230678871527351e-02 1.795563293589632625e-01 -8.896435799258081700e-02
3.157579999999999831e-01 5.715909999999999602e-01 -3.777699999999999808e-02 7.231962499762759622e-01 1.794102110345019152e-01 1.776623297941814505e-01
8.713300000000000212e-02 -6.975199999999999456e-02 3.931330000000000102e-01 1.388769557120979881e-01 -4.606898662010865814e-02 3.075382521768980082e-01
4.174320000000000253e-01 6.114699999999999996e-02 -1.587200000000000069e-02 5.770875125586270027e-01 -7.605059738641577194e-02 -2.039613775853642633e-02
-3.828409999999999869e-01 -7.136909999999999643e-01 1.656600000000000086e-02 -2.364683007419571548e-01 -7.944894705810986446e-01 -1.137533149128155952e-02
3.594080000000000052e-01 -5.827069999999999750e-01 4.657609999999999806e-01 3.917272705965360591e-01 -5.612127704967907471e-01 5.118459801409017684e-01
-4.812839999999999896e-01 1.304537999999999975e+00 -8.598059999999999592e-01 -8.712234381253043392e-01 1.477821825084412843e+00 -7.876127630679808922e-01
2.636339999999999795e-01 -5.534599999999999936e-02 -3.162630000000000163e-01 6.633365408046568157e-02 -1.077308923259604756e-01 -2.891971040868755449e-01
-6.511240000000000361e-01 6.839900000000000146e-02 1.565410000000000135e-01 -6.504113228052249562e-01 6.329578742367115984e-02 -4.666596679833481809e-02
7.622000000000000303e-03 -2.949919999999999765e-01 -1.170780000000000015e-01 1.100689241445322597e-02 -2.648742242190636476e-01 1.041731065492228492e-01
-1.117179999999999979e-01 4.220999999999999752e-02 3.101999999999999896e-02 7.731401609093685456e-02 1.722609943232814300e-01 2.008105455165682882e-02
4.903270000000000128e-01 2.404660000000000131e-01 2.449989999999999946e-01 4.957567602193689860e-01 1.370483347980713529e-01 2.116089097843309452e-01
4.580409999999999759e-01 -1.903799999999999937e-02 3.897099999999999870e-02 4.127917815233541621e-01 -9.168544020575239428e-02 7.486555101678532553e-03
1.240715000000000012e+00 -1.255539999999999989e-01 4.202370000000000272e-01 1.225327207500966908e+00 -1.371550149448142741e-01 3.678747086761666174e-01
2.098919999999999952e-01 -3.205000000000000210e-02 -1.658300000000000052e-02 2.305710507508196561e-01 -4.696751602217339588e-02 9.354607904467676649e-02
4.569299999999999751e-02 -6.350999999999999875e-03 9.402999999999999900e-03 1.157099736515464217e-01 4.245679563556176150e-02 2.190857040358656915e-02
-1.954174999999999995e+00 1.823110000000000008e-01 -4.522100000000000009e-01 -1.984400013426686593e+00 2.333511755371786289e-01 -4.908159132261074586e-01
-1.732360000000000011e-01 4.422449999999999992e-01 -7.804999999999999438e-02 -7.305467766034118293e-02 3.424398315774367929e-01 -9.023740148240439601e-03
2.747970000000000135e-01 2.096000000000000207e-03 -9.956500000000000072e-02 3.558680162938013813e-01 -2.719600353644374604e-03 -4.687915379432014418e-02
2.025170000000000026e-01 2.789460000000000273e-01 -3.432199999999999834e-02 2.311259122147647505e-01 2.765057757135217509e-01 -3.005753450795020654e-02
-1.063000000000000056e-02 2.956159999999999899e-01 1.956809999999999938e-01 4.476169321364042303e-02 1.674116950825453587e-01 1.969605750661862775e-01
-2.938040000000000096e-01 -1.018459999999999921e+00 1.600400000000000086e-02 -5.587009440618656564e-01 -7.836377020198593835e-01 -1.110001466156736311e-01
-1.308100000000000096e-01 5.541620000000000434e-01 8.017849999999999699e-01 -3.445947368713466186e-01 5.372777808597226645e-01 7.591682086382898209e-01
-2.109930000000000139e-01 2.128800000000000137e-02 3.587900000000000117e-02 -4.091145096411654691e-01 3.381644239062380625e-02 -1.089909818836353461e-01
-1.850849999999999995e-01 -6.453229999999999800e-01 -1.214760000000000006e-01 -2.532369668907538118e-01 -5.859887338092756304e-01 -2.181280998283403882e-02
-7.984600000000000031e-02 9.337299999999999767e-02 -4.183009999999999784e-01 -8.700014401093042471e-02 2.142178546675123363e-01 -4.320584660392838283e-01
6.076030000000000042e-01 -2.206100000000000075e-02 -2.959379999999999789e-01 1.093946357414196546e+00 -1.993233441085824342e-01 -1.963059507325370379e-01
5.441800000000000109e-02 5.744089999999999474e-01 3.943769999999999776e-01 -8.375893558901523206e-02 4.984680568153978530e-01 3.541407373051214669e-01
-6.898400000000000365e-02 -3.302200000000000274e-02 1.326670000000000071e-01 -1.120169393945976144e-01 -5.183024031732345882e-02 -4.885783065365466998e-02
3.543149999999999911e-01 1.316130000000000078e-01 -1.167269999999999974e-01 3.438905795623536932e-01 1.594421651355218406e-01 -2.524734123641940442e-02
-8.111400000000000554e-02 2.936480000000000201e-01 -2.902750000000000052e-01 1.192089442164780133e-02 3.721318298986805995e-01 -3.730152647752126294e-01
-2.575609999999999844e-01 -9.663350000000000550e-01 -1.195060000000000011e-01 -1.600355990003885509e-01 -9.782118115322768759e-01 9.297969936016513282e-02
1.545580000000000009e-01 -1.448500000000000065e-01 -1.408429999999999960e-01 1.874481676783805173e-01 -2.823633514873923334e-01 -1.543617036806934073e-01
-1.004140999999999950e+00 2.417300000000000004e-01 -2.633800000000000030e-02 -8.896934419227181534e-01 1.407476420485205271e-01 -8.001059325091454399e-02
2.121740000000000015e-01 3.102849999999999775e-01 -4.920200000000000268e-02 2.900574606341974615e-01 2.245648788409394248e-01 3.452783006748256361e-02
-8.510999999999999469e-03 -4.614900000000000252e-02 1.456999999999999962e-02 1.429530803316248488e-01 -1.233324942344874164e-01 5.799473414984961106e-02
6.460259999999999891e-01 -3.598279999999999812e-01 2.020399999999999974e-01 2.692347332785150482e-01 4.038332483241877102e-02 1.418497327142756448e-01
-1.974690000000000056e-01 2.289809999999999901e-01 7.606450000000000156e-01 -6.407070592499553019e-02 2.576192528692332617e-01 5.548206976665545076e-01
5.841849999999999543e-01 -1.318410000000000137e-01 2.600859999999999839e-01 6.115058285592800402e-01 -2.279558271120947499e-01 2.970727132704604756e-01
-4.755670000000000175e-01 -7.049959999999999560e-01 2.411540000000000072e-01 -3.317987909745800934e-01 -7.481372222406158512e-01 9.606120787335428735e-02
-1.176750000000000018e-01 1.168550000000000005e-01 -3.168130000000000113e-01 -1.736923769982056664e-01 1.239676108255632070e-01 -3.185527475486608084e-01
2.057420000000000082e-01 4.908919999999999950e-01 -9.472040000000000459e-01 -4.194395466149844487e-02 5.945061856579135773e-01 -6.294018712617079903e-01
-8.429899999999999893e-02 4.878790000000000071e-01 6.683440000000000492e-01 -8.457933122533087267e-02 6.616315887045044475e-01 7.331086216813537115e-01
-3.518189999999999928e-01 2.091050000000000131e-01 -1.849629999999999885e-01 -4.943402462893466964e-01 1.257872072621481485e-01 -3.470704122586414087e-02
7.700930000000000275e-01 1.303813000000000111e+00 -4.055299999999999877e-02 8.025488383771494094e-01 1.242146326353393615e+00 -1.059498863338528274e-01
2.249470000000000081e-01 1.382780000000000120e-01 -2.820650000000000102e-01 4.780743440540077827e-02 1.658594290781871261e-01 -1.990082863110395894e-01
-5.588340000000000529e-01 -2.138876000000000221e+00 -1.605949999999999878e-01 -2.714366952678728961e-01 -2.195424551398234669e+00 -3.934434078105969457e-01
-2.114999999999999936e-01 2.780699999999999839e-02 -1.910749999999999948e-01 -2.065016876054291128e-01 -1.351725248363344623e-02 -1.637251417462210201e-01
1.267435000000000089e+00 -9.504600000000000548e-02 -3.542000000000000010e-02 1.347906974947219005e+00 -1.345477054765403524e-01 -1.822150473992159569e-02
-7.083799999999999819e-02 3.464450000000000029e-01 -6.152000000000000350e-03 -7.883615949757515062e-02 3.008653987908458394e-01 1.450663719932353268e-02
-1.751500000000000001e-01 9.675799999999999679e-02 8.513500000000000234e-02 -1.612762921066923649e-01 5.136983592653951436e-02 1.024565619415829937e-01
-8.133869999999999711e-01 -3.694689999999999919e-01 1.451880000000000115e-01 -9.012928357375206145e-01 -2.041702767572116384e-01 6.498344734523550659e-02
3.652600000000000291e-02 -2.943419999999999925e-01 8.014000000000000290e-02 1.422387472231373129e-01 -1.830844230239258019e-01 6.942432006718601833e-02
-8.828289999999999749e-01 1.787559999999999982e-01 -1.164229999999999987e-01 -9.278869750933907978e-01 -1.741139186325656521e-02 7.108860942872169408e-02
6.394440000000000124e-01 1.105577999999999950e+00 1.742299999999999960e-01 7.970137713608136387e-01 9.838845222615387742e-01 7.176655347647675764e-02
3.265500000000000347e-02 1.953419999999999879e-01 -6.836090000000000222e-01 -1.116543872341399235e-01 1.584274389129783356e-01 -5.347946490169079858e-01
1.733040000000000136e-01 -1.183853000000000044e+00 5.442019999999999635e-01 1.002888437435797420e-01 -9.418161462873344547e-01 3.225151660445237378e-01
-3.902699999999999919e-02 -2.976469999999999949e-01 -1.273990000000000122e-01 5.336246644901117969e-03 -2.459588979638953621e-01 -1.387351820814421155e-01
-7.496300000000000185e-01 -8.186999999999999833e-02 -5.872900000000000342e-02 -7.570652161030722027e-01 5.572394552084605941e-03 -5.368905267248076651e-02
1.219309999999999977e-01 -1.160120000000000040e-01 1.035080000000000028e-01 1.337034562620081912e-01 -3.871044290564864404e-02 7.086168064938806743e-02
4.861399999999999749e-02 -7.382900000000000573e-02 -4.702100000000000030e-02 5.135884724267079926e-02 -2.397202593792912423e-02 -8.017694232510277907e-02
6.181029999999999580e-01 5.693230000000000235e-01 1.291799999999999893e-01 5.666666659534917994e-01 3.030689722553890353e-01 2.017394964296367887e-01
-1.201139999999999985e-01 2.291169999999999873e-01 -3.849700000000000344e-02 -8.828873244494206407e-02 1.403783748771221807e-01 -2.633252333998241379e-02
3.046400000000000149e-02 3.305799999999999711e-02 7.894800000000000428e-02 1.192180233678842988e-01 7.496936310064468943e-03 3.090487352917598018e-02
5.425759999999999472e-01 1.250471000000000110e+00 -8.761199999999999544e-02 5.584800042499383776e-01 1.227364331140488929e+00 -9.267316254017857191e-02
-6.203499999999999986e-02 -1.333999999999999908e-01 5.487239999999999895e-01 2.446044536705568873e-02 -2.269739165946993709e-01 5.252908092529012807e-01
-3.908519999999999772e-01 -1.379723000000000033e+00 -5.013919999999999488e-01 -6.138697405399363705e-01 -1.148265725732975584e+00 -4.371899969019157339e-01
-2.266829999999999956e-01 2.175620000000000054e-01 -2.870090000000000141e-01 -1.173579171780755742e-01 7.174377968451330079e-02 -2.212418027011797961e-01
4.757739999999999747e-01 -9.212199999999999556e-02 -1.330729999999999968e-01 5.407503046785158141e-01 -1.286192262025728228e-01 -5.218323388313637901e-02
4.699899999999999911e-02 9.592799999999999938e-02 8.574000000000000024e-03 3.186345359079535700e-02 1.806707239880489188e-02 2.054385144396381202e-02
-1.475899999999999990e-01 3.984690000000000176e-01 -1.746299999999999936e-02 -1.062326954146517038e-01 2.282564788501150743e-01 6.140721533422884015e-03
-1.485529999999999906e-01 -6.194840000000000346e-01 4.292639999999999789e-01 -3.490231456765848783e-01 -1.894481047308606003e-01 2.467404636069296386e-01
-2.248870000000000036e-01 3.226660000000000084e-01 6.012070000000000469e-01 -1.885322261599764182e-01 2.968442492570909641e-01 5.227687378428992337e-01
9.698080000000000034e-01 -6.545099999999999529e-02 9.358900000000000552e-02 1.036116636016718662e+00 -1.032693842757931718e-01 7.739466309780396180e-02
-2.182959999999999900e-01 -5.829159999999999897e-01 2.333689999999999931e-01 -1.626892586126472695e-01 -5.853297591105443010e-01 2.063092971419629995e-01
-2.677000000000000126e-03 1.832749999999999935e-01 -8.079899999999999582e-02 1.220502995185574618e-02 1.860257764954249271e-01 -1.007792736346489054e-01
-5.238930000000000531e-01 1.418840000000000101e-01 -8.469189999999999774e-01 -6.971001811959510741e-01 2.057291176338211791e-01 -7.056934244480171925e-01
1.337629999999999930e-01 8.146200000000000663e-02 7.472499999999999976e-02 1.380946463782863343e-01 8.554954941580930616e-02 8.049800418711380856e-02
5.987599999999999867e-02 -1.081280000000000019e-01 -6.190899999999999875e-02 3.878940348291302909e-02 -6.106281395831249237e-02 -6.718070174055623678e-02
-2.058750000000000024e-01 -1.181967999999999908e+00 -1.749890000000000057e-01 -2.771320472682018976e-01 -1.264706926542897181e+00 -1.824448010647723717e-01
1.885999999999999829e-02 2.523699999999999902e-02 -3.533560000000000034e-01 2.394825783376611922e-02 2.251960718800041783e-02 -3.679406578818111839e-01
-5.905999999999999792e-03 1.181953999999999949e+00 5.156140000000000168e-01 7.629973957323624156e-02 1.217700583897400213e+00 5.370681565000263724e-01
8.444100000000000217e-02 -1.374329999999999996e-01 2.855880000000000085e-01 1.627314606222097781e-01 -6.369517005079557148e-02 2.241450217278977142e-01
-5.322829999999999506e-01 1.015019999999999950e-01 -2.996499999999999858e-02 -4.435352583341699573e-01 5.874136454032775900e-02 5.257053039666170768e-03
-1.372410000000000019e-01 -3.719529999999999781e-01 1.466580000000000106e-01 -7.976453027565673370e-03 -3.527470727703331255e-01 1.009559113937779917e-01
2.930980000000000252e-01 -3.598529999999999784e-01 3.807400000000000229e-01 3.161183188690899759e-01 -3.299864428633585423e-01 4.452096201962917332e-01
2.921619999999999773e-01 7.678589999999999582e-01 -7.825050000000000061e-01 -2.733806812956406790e-02 6.876873211441593137e-01 -7.755676063576347756e-01
-1.769390000000000129e-01 2.241239999999999899e-01 1.627439999999999998e-01 -1.895193432032040437e-01 2.065984783079858056e-01 1.518806614829722457e-01
3.774379999999999957e-01 -1.445899999999999963e-01 -6.549599999999999866e-02 3.370330355233124853e-01 -1.155064295132317287e-01 -8.751997080493420511e-02
-3.473199999999999898e-02 -3.407660000000000133e-01 1.276909999999999989e-01 -8.148235617281338050e-02 -3.394490879305350206e-01 1.110187167212146747e-01
9.268500000000000349e-02 1.106400000000000022e-01 1.572530000000000039e-01 8.020873059663687077e-02 1.029309922394360116e-01 1.194325409255986709e-01
-2.584799999999999875e-01 1.503079999999999972e-01 -3.818270000000000275e-01 -1.462400667439314184e-01 1.454260468963454456e-01 -2.948119483248514139e-01
3.182070000000000176e-01 -4.001509999999999789e-01 -1.222039000000000097e+00 2.851373681819666661e-01 -3.991678004774408262e-01 -1.139197677202692160e+00
-1.141342999999999996e+00 1.374549999999999939e-01 -5.219800000000000134e-02 -9.539267209532287239e-01 1.213481631640413727e-01 -9.007398384543374714e-02
6.828650000000000553e-01 1.241125999999999951e+00 -1.683769999999999989e-01 6.132832767612730329e-01 1.127832719916973980e+00 -1.555277592944371290e-01
2.456799999999999956e-02 -2.673280000000000101e-01 7.137010000000000298e-01 5.037325849983939619e-02 -2.485061529062999042e-01 6.208431844421626877e-01
1.160909999999999997e-01 -7.115139999999999798e-01 7.290510000000000046e-01 5.132817510148962592e-03 -6.015069296972741508e-01 7.639562359004001824e-01
6.857499999999999707e-02 -4.080700000000000299e-02 -2.979450000000000154e-01 1.068475841056649167e-01 -1.014818225948151964e-01 -2.870833370409979768e-01
-1.508912000000000031e+00 1.512960000000000138e-01 5.189000000000000036e-03 -1.498669391793680861e+00 1.302004813237718217e-01 -1.357732078856005442e-02
4.659479999999999733e-01 6.947780000000000067e-01 1.198130000000000028e-01 4.562217370330857169e-01 6.306780941535141682e-01 8.809349209788569501e-02
-3.022400000000000087e-02 1.689879999999999993e-01 2.241750000000000131e-01 -5.578943829981086733e-04 9.839664238529127749e-02 1.707074550757970433e-01
1.004755999999999982e+00 -9.740339999999999554e-01 -5.150600000000000317e-02 9.361579650379286965e-01 -7.577933952677622376e-01 4.185971065587619500e-02
3.569999999999999840e-01 -1.133289999999999992e-01 -1.574369999999999936e-01 -6.985676279307212466e-03 -9.969427689453744246e-02 -2.931037662510055375e-01
8.736599999999999921e-02 1.559530000000000083e-01 2.558099999999999818e-01 8.851517208409637183e-02 -3.339556776545545003e-02 -6.713531581235701595e-02
-1.387569999999999915e-01 7.643300000000000094e-02 -2.909590000000000232e-01 1.793928171620377474e-02 1.073378903230970752e-02 3.285485247582334289e-02
-1.205699999999999966e-01 -4.238140000000000240e-01 2.836469999999999825e-01 9.450822829242952472e-02 -9.729197444933342098e-02 3.808484765428782892e-01
-1.843990000000000073e-01 3.041079999999999894e-01 -9.017300000000000315e-02 -1.939770058134230868e-01 2.196480300770165817e-01 -5.346424695533904398e-02
-2.788570000000000215e-01 4.743189999999999906e-01 6.733890000000000153e-01 -2.523970835024876291e-01 5.180465261726432402e-01 5.642771762072034125e-01
-3.878780000000000006e-01 2.419969999999999899e-01 -8.129699999999999427e-02 -4.485677053542741488e-01 2.306777618715996903e-01 -1.111585244619133217e-01
-5.899839999999999529e-01 -6.718119999999999647e-01 3.080000000000000099e-02 -5.267364276503088139e-01 -6.449975618598381422e-01 -4.593862374835973317e-02
-2.540299999999999850e-02 2.005709999999999993e-01 -3.899279999999999968e-01 -7.164019961731200870e-02 2.749400181522921316e-01 -4.656463844788023554e-01
1.282340000000000035e+00 -2.454890000000000128e-01 -2.329640000000000044e-01 1.299341416124383031e+00 -3.786667443366961150e-01 5.846635648187147039e-02
-2.017680000000000029e-01 4.552720000000000100e-01 -1.816800000000000012e-02 -1.118421749107356700e-01 3.310953584874125055e-01 7.761909630454258413e-02
3.953499999999999792e-01 6.250999999999999612e-02 -9.552900000000000280e-02 4.653657664974698571e-01 5.708587605871471432e-02 -3.704128230330930305e-02
-7.631899999999999795e-02 3.861999999999999982e-03 -5.175600000000000339e-02 -7.609537835416722851e-02 -2.040620251741481761e-02 -2.256864495615996946e-02
-9.742499999999999771e-02 3.500849999999999795e-01 9.428000000000000616e-03 -3.430467961894795997e-02 2.059973170421539601e-01 9.838601048873962807e-03
-1.810300000000000104e-02 -8.730520000000000502e-01 1.560219999999999940e-01 -2.431235336136193526e-01 -5.737723490708662721e-01 -2.784777009394625441e-02
-3.047699999999999854e-01 2.182070000000000121e-01 3.849899999999999850e-02 -3.540892905850586692e-01 2.248847674812853303e-01 1.043994333917033640e-01
-4.921519999999999784e-01 1.796649999999999914e-01 -2.217230000000000034e-01 -6.162149663575896552e-01 2.906253205117887428e-01 -2.200017488390688392e-01
3.939289999999999736e-01 1.110788000000000109e+00 -7.058000000000000385e-02 2.136039447948724912e-01 1.100902807178387954e+00 -8.433644873266604725e-02
-2.357279999999999931e-01 4.442969999999999975e-01 -6.561609999999999943e-01 -2.487692666576877820e-01 3.638436876748376014e-01 -6.067065818170698233e-01
6.387589999999999657e-01 -1.953008999999999995e+00 9.098899999999999766e-01 1.005469578805463726e+00 -1.980256582846298130e+00 8.066453459971014706e-01
-2.951700000000000157e-02 3.156799999999999884e-02 2.179200000000000026e-01 4.223618932806996046e-02 7.630119555756995076e-02 1.237320037888265389e-01
-3.392549999999999732e-01 2.595400000000000137e-02 2.170350000000000057e-01 -3.305642721954567542e-01 -1.669747332515526123e-02 2.401462218883160804e-01
-3.708549999999999902e-01 -7.013399999999999634e-01 1.657359999999999944e-01 -3.079156526744715738e-01 -7.158019759633099666e-01 5.863980680887209695e-02
-2.703969999999999985e-01 2.463289999999999924e-01 -2.871859999999999968e-01 -3.352481748535561801e-01 2.631867485376297999e-01 -3.456195789885717629e-01
1.010445999999999955e+00 3.968929999999999958e-01 -3.127019999999999800e-01 9.314919103954144575e-01 3.930115051932652759e-01 -7.689845349744330039e-02
9.910499999999999865e-02 -1.808500000000000107e-01 -1.266980000000000051e-01 -7.593481741535246243e-02 -1.150124918156288228e-01 -1.212596349186496891e-01
-5.369049999999999656e-01 2.212379999999999902e-01 -7.119300000000000628e-02 -5.160817655739118326e-01 7.529425148525235867e-02 -1.635932162732037509e-01
-2.661300000000000124e-02 2.952469999999999817e-01 -1.588259999999999950e-01 1.104922014244626438e-01 2.096497422916199505e-01 5.814973221333312459e-02
9.372400000000000175e-02 -4.158419999999999894e-01 2.227959999999999940e-01 2.042544426091305043e-01 -2.444922065554032131e-01 3.824040912762657896e-01
3.704779999999999740e-01 7.978599999999999581e-02 1.336060000000000025e-01 2.772699389556714245e-01 7.456070459415939378e-02 -1.557009722977453769e-01
-9.822999999999999787e-02 -3.887920000000000265e-01 -4.474999999999999811e-02 -3.657419839722532429e-02 -3.595724037683311058e-01 -5.874512004182617930e-02
-8.046300000000000674e-02 -1.998070000000000124e-01 -1.432889999999999997e-01 -5.715215644349594393e-02 -1.001338284455073058e-01 -1.299859275107294876e-01
1.292310000000000125e-01 5.715999999999999727e-03 2.217320000000000124e-01 9.173847720687552942e-02 6.465242658596796754e-02 1.639416727828525988e-01
2.429000000000000048e-01 -1.825440000000000118e-01 1.486310000000000131e-01 2.311506903974790139e-01 -1.775011597958497112e-01 1.214933359225819770e-01
-1.933739999999999903e-01 7.657030000000000225e-01 -1.827670000000000128e-01 -2.291628127636329004e-01 5.725549654237203079e-01 -9.670396115287888117e-02
1.133880000000000027e-01 1.818300000000000125e-02 1.133499999999999959e-02 7.595112205741927358e-02 3.976847689992607515e-02 6.412712782049206917e-02
-6.383750000000000258e-01 3.902059999999999973e-01 -1.689009999999999956e-01 -6.749006212235850732e-01 3.079094850219109003e-01 -9.457253845141448678e-02
-1.394179999999999864e-01 4.001600000000000296e-02 -5.917100000000000137e-02 -1.338827768158631637e-01 -3.701962938581519758e-02 -1.002757952555033416e-02
2.388589999999999880e-01 4.919999999999999894e-03 -1.426649999999999863e-01 1.876606025232125385e-01 -3.939073583567820336e-03 -4.970770701920119994e-02
4.259189999999999920e-01 -4.534030000000000005e-01 3.592409999999999770e-01 5.451716734588160085e-01 -3.067192589524537216e-01 9.018069717567296639e-02
4.444200000000000234e-02 -3.081499999999999795e-01 -4.912369999999999792e-01 1.055829158887184732e-01 -1.845141373543618402e-01 -5.747789243943492998e-01
-2.279349999999999987e-01 -3.083899999999999836e-02 -1.166849999999999971e-01 -3.357221518385912207e-01 6.013363285633488431e-02 -4.798320093243219064e-02
-1.301209999999999867e-01 -3.465480000000000227e-01 8.034099999999999575e-02 -1.416043204702748526e-01 -2.356929046521925308e-01 -5.154195551429882616e-02
1.127510000000000040e-01 3.736999999999999870e-03 1.932840000000000114e-01 -4.602190129037476984e-02 9.282474566342582833e-02 1.116760449545314837e-01
2.004890000000000005e-01 6.815900000000000292e-01 3.347209999999999908e-01 4.177654577105226474e-01 2.672486634867932698e-01 5.626280358865486386e-01
6.363999999999999865e-03 -2.634999999999999842e-02 -1.563690000000000080e-01 -1.176574785597928052e-02 -2.908672641466872322e-02 -1.753557990673721700e-01
6.645900000000000418e-02 -6.035700000000000093e-02 1.174599999999999950e-02 4.256113704086966071e-02 7.576577451125628138e-02 -8.305386925077898330e-02
9.211199999999999943e-02 1.233220000000000011e-01 -3.046700000000000103e-02 5.639234186864076209e-03 2.430573620117161548e-01 -7.814750706779816092e-02
1.331859999999999988e-01 -3.022719999999999851e-01 6.331309999999999993e-01 1.471960073310830119e-01 -2.710539280629269410e-01 4.855929296691692265e-01
-2.974200000000000177e-01 2.654779999999999918e-01 -4.554869999999999752e-01 -1.836306307028379714e-01 -1.868248204537677898e-02 -1.490357542832203841e-01
-2.872970000000000246e-01 1.522399999999999864e-01 3.785990000000000189e-01 -2.776535152934686557e-01 1.893418375562119504e-01 3.206631596661596584e-01
4.220169999999999755e-01 1.802519999999999956e-01 -1.156080000000000024e-01 4.554100957592155940e-01 1.168480294636315836e-01 -1.247581605106960201e-01
-3.798750000000000182e-01 -4.677999999999999867e-03 9.631399999999999684e-02 -2.977359977103741784e-01 -3.621255572612749191e-02 8.767565065143503866e-02
-1.194600000000000002e-02 1.541440000000000032e-01 -3.144159999999999733e-01 -1.563830476858408397e-02 2.120518444542618675e-01 -3.101957879330408119e-01
2.565450000000000230e-01 -4.818350000000000133e-01 -4.556400000000000033e-02 1.356177220132125383e-01 -4.820291557479773337e-01 2.661513812614205166e-02
