# ../00.data/validation_data: data_e pred_e
-4.797655559999999930e+00 -4.796938283158832306e+00
-4.799040284000000156e+00 -4.799049376410819079e+00
-4.793402554000000038e+00 -4.793862368276553987e+00
-4.797197485999999955e+00 -4.796879822853274966e+00
-4.793897231999999953e+00 -4.793854482941465101e+00
-4.798301516000000433e+00 -4.798435088586415986e+00
-4.796754026000000337e+00 -4.796035343282494701e+00
-4.790484493999999316e+00 -4.790390679598273138e+00
-4.798430601999999823e+00 -4.798618698151112305e+00
-4.794615647999999730e+00 -4.794288587183961781e+00
-4.799607358000000268e+00 -4.798694543994451500e+00
-4.789638513999999958e+00 -4.790987715933293423e+00
-4.797600099999999479e+00 -4.797813905784098054e+00
-4.793470951999999841e+00 -4.794809580942804850e+00
-4.796840611999999560e+00 -4.797271558027778937e+00
-4.795775587999999701e+00 -4.797415744026240603e+00
-4.792921569999999853e+00 -4.793269161815779889e+00
-4.790284721999999995e+00 -4.789852240301817332e+00
-4.793652297999999590e+00 -4.792895665054354382e+00
-4.792098855999999962e+00 -4.791149859791922871e+00
-4.798832895999999515e+00 -4.798395149561787143e+00
-4.794982157999999828e+00 -4.794668103998379394e+00
-4.797594767999999732e+00 -4.797914387107255152e+00
-4.793160340000000019e+00 -4.794017854751603913e+00
-4.794241160000000335e+00 -4.793589197192219764e+00
-4.796673012000000291e+00 -4.797195448523403627e+00
-4.800185624000000040e+00 -4.799068759049071708e+00
-4.784633917999999930e+00 -4.784709403580761133e+00
-4.792969504000000214e+00 -4.792545452713516951e+00
-4.799960161999999642e+00 -4.800265023381014018e+00
-4.793749953999999924e+00 -4.794176082993784505e+00
-4.797603136000000212e+00 -4.797953375388322783e+00
-4.791395169999999482e+00 -4.791164021292849462e+00
-4.796016027999999487e+00 -4.796702029478523421e+00
-4.798788123999999655e+00 -4.798994057624704546e+00
-4.798349471999999949e+00 -4.798271958303970131e+00
-4.798144660000000172e+00 -4.797755517166812922e+00
-4.798994024000000636e+00 -4.798768280342625481e+00
-4.797886794000000066e+00 -4.799573011193393413e+00
-4.796494720000000100e+00 -4.797419628427844529e+00
